<?xml version="1.0" encoding="UTF-8"?>
<robot generator="Robot 3.2.2 (Python 3.8.5 on linux)" generated="20210208 22:27:54.378" rpa="false">
<suite id="s1" name="Login" source="/home/dernival_liandro/Workspace/parodify/login.robot">
<test id="s1-t1" name="Login com sucesso">
<kw name="New Page" library="Browser">
<tags>
<tag>BrowserControl</tag>
<tag>Setter</tag>
</tags>
<doc>Open a new Page. A Page is the Playwright equivalent to a tab.
See `Browser, Context and Page` for more information about Page concept.
Returns a stable identifier for the created page.</doc>
<arguments>
<arg>http://parodify.herokuapp.com/users/sign_in</arg>
</arguments>
<msg timestamp="20210208 22:27:56.938" level="INFO">Successfully initialized new page object and opened url: http://parodify.herokuapp.com/users/sign_in</msg>
<status status="PASS" starttime="20210208 22:27:54.829" endtime="20210208 22:27:56.939"></status>
</kw>
<kw name="Get Text" library="Browser">
<tags>
<tag>Assertion</tag>
<tag>Getter</tag>
<tag>PageContent</tag>
</tags>
<doc>Returns text attribute of the element found by ``selector``.
See the `Finding elements` section for details about the selectors.</doc>
<arguments>
<arg>label[for=user_email]</arg>
<arg>contains</arg>
<arg>Email</arg>
</arguments>
<status status="PASS" starttime="20210208 22:27:56.939" endtime="20210208 22:27:56.992"></status>
</kw>
<status status="PASS" starttime="20210208 22:27:54.825" endtime="20210208 22:27:56.993" critical="yes"></status>
</test>
<doc>Testes da página de login</doc>
<status status="PASS" starttime="20210208 22:27:54.379" endtime="20210208 22:27:57.031"></status>
</suite>
<statistics>
<total>
<stat pass="1" fail="0">Critical Tests</stat>
<stat pass="1" fail="0">All Tests</stat>
</total>
<tag>
</tag>
<suite>
<stat pass="1" fail="0" id="s1" name="Login">Login</stat>
</suite>
</statistics>
<errors>
</errors>
</robot>
